<?xml version="1.0" encoding="UTF-8"?>
<!-- Generated by org.testng.reporters.JUnitReportReporter -->
<testsuite hostname="AUSYDCVDIXB0723" failures="0" tests="3" name="pimTests.TestPIMFunctionality" time="36.106" errors="0" timestamp="2023-10-04T18:06:36 IST" skipped="0">
  <testcase classname="pimTests.TestPIMFunctionality" name="testCustomUserLogin" time="3.842"/>
  <testcase classname="pimTests.TestPIMFunctionality" name="testPIMPageLinks" time="7.218"/>
  <testcase classname="pimTests.TestPIMFunctionality" name="testCreateUser" time="25.046"/>
</testsuite> <!-- pimTests.TestPIMFunctionality -->
