<?xml version="1.0" encoding="UTF-8"?>
<!-- Generated by org.testng.reporters.JUnitReportReporter -->
<testsuite hostname="AUSYDCVDIXB0723" failures="0" tests="6" name="claimTests.TestOrangeCreateClaim" time="118.854" errors="0" timestamp="2023-10-03T18:02:09 IST" skipped="0">
  <testcase classname="claimTests.TestOrangeCreateClaim" name="testCreateClaim" time="16.206"/>
  <testcase classname="claimTests.TestOrangeCreateClaim" name="testAssignClaim" time="33.004"/>
  <testcase classname="claimTests.TestOrangeCreateClaim" name="testCancelclaim" time="13.341"/>
  <testcase classname="claimTests.TestOrangeCreateClaim" name="testAssignClaimremarks" time="23.207"/>
  <testcase classname="claimTests.TestOrangeCreateClaim" name="testClaimDashboard" time="16.166"/>
  <testcase classname="claimTests.TestOrangeCreateClaim" name="testCreateClaimRemarks" time="16.930"/>
</testsuite> <!-- claimTests.TestOrangeCreateClaim -->
