<?xml version="1.0" encoding="UTF-8"?>
<!-- Generated by org.testng.reporters.JUnitReportReporter -->
<testsuite hostname="INMBIML6MWC043" failures="0" tests="1" name="recruitmentPageTests.TestRecruitmentPageTabs" time="11.798" errors="0" timestamp="2023-10-05T19:05:01 IST" skipped="0">
  <testcase classname="recruitmentPageTests.TestRecruitmentPageTabs" name="testRecruitmentPageTabs" time="11.798"/>
</testsuite> <!-- recruitmentPageTests.TestRecruitmentPageTabs -->
