<?xml version="1.0" encoding="UTF-8"?>
<!-- Generated by org.testng.reporters.JUnitReportReporter -->
<testsuite hostname="INMBIML6MWC043" failures="0" tests="3" name="claimTests.TestOrangeCreateClaim" time="53.025" errors="0" timestamp="2023-10-05T19:05:01 IST" skipped="0">
  <testcase classname="claimTests.TestOrangeCreateClaim" name="testCreateClaim" time="28.935"/>
  <testcase classname="claimTests.TestOrangeCreateClaim" name="testCancelclaim" time="11.797"/>
  <testcase classname="claimTests.TestOrangeCreateClaim" name="testCreateClaimRemarks" time="12.293"/>
</testsuite> <!-- claimTests.TestOrangeCreateClaim -->
