<?xml version="1.0" encoding="UTF-8"?>
<!-- Generated by org.testng.reporters.JUnitReportReporter -->
<testsuite hostname="AUSYDCVDIXB0723" failures="0" tests="1" name="claimTests.TestOrangeDashboardClaim" time="24.231" errors="0" timestamp="2023-10-05T16:02:35 IST" skipped="0">
  <testcase classname="claimTests.TestOrangeDashboardClaim" name="testClaimDashboard" time="24.231"/>
</testsuite> <!-- claimTests.TestOrangeDashboardClaim -->
