<?xml version="1.0" encoding="UTF-8"?>
<!-- Generated by org.testng.reporters.JUnitReportReporter -->
<testsuite hostname="AUSYDCVDIXB0723" failures="0" tests="3" name="loginTests.TestOrangeUserLogin" time="20.424" errors="0" timestamp="2023-10-05T16:02:34 IST" skipped="0">
  <testcase classname="loginTests.TestOrangeUserLogin" name="testValidAdminLogin" time="4.935"/>
  <testcase classname="loginTests.TestOrangeUserLogin" name="testValidAdminLogin" time="5.251"/>
  <testcase classname="loginTests.TestOrangeUserLogin" name="testInvalidAdminLogin" time="10.238"/>
</testsuite> <!-- loginTests.TestOrangeUserLogin -->
