<?xml version="1.0" encoding="UTF-8"?>
<!-- Generated by org.testng.reporters.JUnitReportReporter -->
<testsuite hostname="AUSYDCVDIXB0723" failures="0" tests="6" name="claimTests.TestOrangeCreateClaim" time="111.517" errors="0" timestamp="2023-10-03T14:37:02 IST" skipped="0">
  <testcase classname="claimTests.TestOrangeCreateClaim" name="testAssignClaimremarks" time="23.489"/>
  <testcase classname="claimTests.TestOrangeCreateClaim" name="testClaimDashboard" time="16.088"/>
  <testcase classname="claimTests.TestOrangeCreateClaim" name="testCreateClaim" time="16.236"/>
  <testcase classname="claimTests.TestOrangeCreateClaim" name="testCancelclaim" time="13.257"/>
  <testcase classname="claimTests.TestOrangeCreateClaim" name="testCreateClaimRemarks" time="16.895"/>
  <testcase classname="claimTests.TestOrangeCreateClaim" name="testAssignClaim" time="25.552"/>
</testsuite> <!-- claimTests.TestOrangeCreateClaim -->
