<?xml version="1.0" encoding="UTF-8"?>
<!-- Generated by org.testng.reporters.JUnitReportReporter -->
<testsuite hostname="INMBIML6MWC043" failures="0" tests="1" name="claimTests.TestOrangeDashboardClaim" time="13.793" errors="0" timestamp="2023-10-05T19:05:01 IST" skipped="0">
  <testcase classname="claimTests.TestOrangeDashboardClaim" name="testClaimDashboard" time="13.793"/>
</testsuite> <!-- claimTests.TestOrangeDashboardClaim -->
