<?xml version="1.0" encoding="UTF-8"?>
<!-- Generated by org.testng.reporters.JUnitReportReporter -->
<testsuite hostname="AUSYDCVDIXB0723" failures="0" tests="3" name="claimTests.TestOrangeCreateClaim" time="66.469" errors="0" timestamp="2023-10-04T19:57:09 IST" skipped="0">
  <testcase classname="claimTests.TestOrangeCreateClaim" name="testCancelclaim" time="21.954"/>
  <testcase classname="claimTests.TestOrangeCreateClaim" name="testCreateClaim" time="30.798"/>
  <testcase classname="claimTests.TestOrangeCreateClaim" name="testCreateClaimRemarks" time="13.717"/>
</testsuite> <!-- claimTests.TestOrangeCreateClaim -->
