<?xml version="1.0" encoding="UTF-8"?>
<!-- Generated by org.testng.reporters.JUnitReportReporter -->
<testsuite hostname="AUSYDCVDIXB0723" failures="0" tests="3" name="claimTests.TestOrangeCreateClaim" time="48.047" errors="0" timestamp="2023-09-27T12:04:38 IST" skipped="0">
  <testcase classname="claimTests.TestOrangeCreateClaim" name="testClaimDashboard" time="14.032"/>
  <testcase classname="claimTests.TestOrangeCreateClaim" name="testCreateClaim" time="14.293"/>
  <testcase classname="claimTests.TestOrangeCreateClaim" name="testCancelclaim" time="19.722"/>
</testsuite> <!-- claimTests.TestOrangeCreateClaim -->
