<?xml version="1.0" encoding="UTF-8"?>
<!-- Generated by org.testng.reporters.JUnitReportReporter -->
<testsuite hostname="INMBIML6MWC043" failures="0" tests="2" name="claimTests.TestOrangeAssignClaim" time="61.608" errors="0" timestamp="2023-10-05T19:05:01 IST" skipped="0">
  <testcase classname="claimTests.TestOrangeAssignClaim" name="testAssignClaim" time="38.657"/>
  <testcase classname="claimTests.TestOrangeAssignClaim" name="testAssignClaimremarks" time="22.951"/>
</testsuite> <!-- claimTests.TestOrangeAssignClaim -->
