<?xml version="1.0" encoding="UTF-8"?>
<!-- Generated by org.testng.reporters.JUnitReportReporter -->
<testsuite hostname="INMBIML6MWC043" failures="0" tests="2" name="loginTests.TestOrangeUserLogin" time="7.780" errors="0" timestamp="2023-09-16T22:05:28 IST" skipped="0">
  <testcase classname="loginTests.TestOrangeUserLogin" name="testValidAdminLogin" time="3.862"/>
  <testcase classname="loginTests.TestOrangeUserLogin" name="testValidAdminLogin" time="3.918"/>
</testsuite> <!-- loginTests.TestOrangeUserLogin -->
