<?xml version="1.0" encoding="UTF-8"?>
<!-- Generated by org.testng.reporters.JUnitReportReporter -->
<testsuite hostname="INMBIML6MWC043" failures="0" tests="3" name="loginTests.TestOrangeUserLogin" time="12.307" errors="0" timestamp="2023-09-18T10:35:30 IST" skipped="0">
  <testcase classname="loginTests.TestOrangeUserLogin" name="testValidAdminLogin" time="4.531"/>
  <testcase classname="loginTests.TestOrangeUserLogin" name="testValidAdminLogin" time="4.846"/>
  <testcase classname="loginTests.TestOrangeUserLogin" name="testInvalidAdminLogin" time="2.930"/>
</testsuite> <!-- loginTests.TestOrangeUserLogin -->
