<?xml version="1.0" encoding="UTF-8"?>
<!-- Generated by org.testng.reporters.JUnitReportReporter -->
<testsuite hostname="INMBIML6MWC043" failures="0" tests="5" name="leaveTests.TestAddEntitlement" time="223.163" errors="0" timestamp="2023-10-05T19:05:01 IST" skipped="0">
  <testcase classname="leaveTests.TestAddEntitlement" name="testAssignLeaveEntitlement" time="59.727"/>
  <testcase classname="leaveTests.TestAddEntitlement" name="testUpdateLeaveEntitlement" time="51.993"/>
  <testcase classname="leaveTests.TestAddEntitlement" name="testValidateTabs" time="10.367"/>
  <testcase classname="leaveTests.TestAddEntitlement" name="testViewLeaveReports" time="80.293"/>
  <testcase classname="leaveTests.TestAddEntitlement" name="testAddLeaveEntitlement" time="20.783"/>
</testsuite> <!-- leaveTests.TestAddEntitlement -->
