<?xml version="1.0" encoding="UTF-8"?>
<!-- Generated by org.testng.reporters.JUnitReportReporter -->
<testsuite hostname="AUSYDCVDIXB0723" failures="0" tests="3" name="pimTests.TestPIMFunctionality" time="37.563" errors="0" timestamp="2023-10-05T16:02:35 IST" skipped="0">
  <testcase classname="pimTests.TestPIMFunctionality" name="testCreateUser" time="26.682"/>
  <testcase classname="pimTests.TestPIMFunctionality" name="testCustomUserLogin" time="3.859"/>
  <testcase classname="pimTests.TestPIMFunctionality" name="testPIMPageLinks" time="7.022"/>
</testsuite> <!-- pimTests.TestPIMFunctionality -->
