<?xml version="1.0" encoding="UTF-8"?>
<!-- Generated by org.testng.reporters.JUnitReportReporter -->
<testsuite hostname="AUSYDCVDIXB0723" failures="0" tests="2" name="claimTests.TestOrangeCreateClaim" time="32.261" errors="0" timestamp="2023-09-22T12:18:38 IST" skipped="0">
  <testcase classname="claimTests.TestOrangeCreateClaim" name="testCreateClaim" time="13.872"/>
  <testcase classname="claimTests.TestOrangeCreateClaim" name="testCancelclaim" time="18.389"/>
</testsuite> <!-- claimTests.TestOrangeCreateClaim -->
