<?xml version="1.0" encoding="UTF-8"?>
<!-- Generated by org.testng.reporters.JUnitReportReporter -->
<testsuite hostname="AUSYDCVDIXB0723" failures="0" tests="2" name="claimTests.TestOrangeAssignClaim" time="71.015" errors="0" timestamp="2023-10-04T19:57:09 IST" skipped="0">
  <testcase classname="claimTests.TestOrangeAssignClaim" name="testAssignClaimremarks" time="23.932"/>
  <testcase classname="claimTests.TestOrangeAssignClaim" name="testAssignClaim" time="47.083"/>
</testsuite> <!-- claimTests.TestOrangeAssignClaim -->
