<?xml version="1.0" encoding="UTF-8"?>
<!-- Generated by org.testng.reporters.JUnitReportReporter -->
<testsuite hostname="INMBIML6MWC043" failures="0" tests="3" name="pimTests.TestPIMFunctionality" time="21.249" errors="0" timestamp="2023-09-18T11:25:05 IST" skipped="0">
  <testcase classname="pimTests.TestPIMFunctionality" name="testCustomUserLogin" time="2.266"/>
  <testcase classname="pimTests.TestPIMFunctionality" name="testPIMPageLinks" time="5.045"/>
  <testcase classname="pimTests.TestPIMFunctionality" name="testCreateUser" time="13.938"/>
</testsuite> <!-- pimTests.TestPIMFunctionality -->
