<?xml version="1.0" encoding="UTF-8"?>
<!-- Generated by org.testng.reporters.JUnitReportReporter -->
<testsuite hostname="INMBIML6MWC043" failures="0" tests="3" name="loginTests.TestOrangeUserLogin" time="11.306" errors="0" timestamp="2023-10-05T19:05:01 IST" skipped="0">
  <testcase classname="loginTests.TestOrangeUserLogin" name="testValidAdminLogin" time="4.500"/>
  <testcase classname="loginTests.TestOrangeUserLogin" name="testValidAdminLogin" time="4.305"/>
  <testcase classname="loginTests.TestOrangeUserLogin" name="testInvalidAdminLogin" time="2.501"/>
</testsuite> <!-- loginTests.TestOrangeUserLogin -->
