<?xml version="1.0" encoding="UTF-8"?>
<!-- Generated by org.testng.reporters.JUnitReportReporter -->
<testsuite hostname="INMBIML6MWC043" failures="0" tests="3" name="pimTests.TestPIMFunctionality" time="24.056" errors="0" timestamp="2023-10-05T19:05:01 IST" skipped="0">
  <testcase classname="pimTests.TestPIMFunctionality" name="testCreateUser" time="15.365"/>
  <testcase classname="pimTests.TestPIMFunctionality" name="testPIMPageLinks" time="5.960"/>
  <testcase classname="pimTests.TestPIMFunctionality" name="testCustomUserLogin" time="2.731"/>
</testsuite> <!-- pimTests.TestPIMFunctionality -->
