<?xml version="1.0" encoding="UTF-8"?>
<!-- Generated by org.testng.reporters.JUnitReportReporter -->
<testsuite hostname="AUSYDCVDIXB0723" failures="0" tests="3" name="claimTests.TestOrangeCreateClaim" time="68.769" errors="0" timestamp="2023-10-05T16:02:35 IST" skipped="0">
  <testcase classname="claimTests.TestOrangeCreateClaim" name="testCreateClaim" time="31.526"/>
  <testcase classname="claimTests.TestOrangeCreateClaim" name="testCreateClaimRemarks" time="14.557"/>
  <testcase classname="claimTests.TestOrangeCreateClaim" name="testCancelclaim" time="22.686"/>
</testsuite> <!-- claimTests.TestOrangeCreateClaim -->
