<?xml version="1.0" encoding="UTF-8"?>
<!-- Generated by org.testng.reporters.JUnitReportReporter -->
<testsuite hostname="INMBIML6MWC043" failures="0" tests="1" name="homePageTests.TestHomePageSections" time="4.162" errors="0" timestamp="2023-09-18T18:10:29 IST" skipped="0">
  <testcase classname="homePageTests.TestHomePageSections" name="testDashboardSections" time="4.162"/>
</testsuite> <!-- homePageTests.TestHomePageSections -->
