<?xml version="1.0" encoding="UTF-8"?>
<!-- Generated by org.testng.reporters.JUnitReportReporter -->
<testsuite hostname="AUSYDCVDIXB0723" failures="0" tests="2" name="claimTests.TestOrangeAssignClaim" time="77.654" errors="0" timestamp="2023-10-05T16:02:35 IST" skipped="0">
  <testcase classname="claimTests.TestOrangeAssignClaim" name="testAssignClaimremarks" time="24.474"/>
  <testcase classname="claimTests.TestOrangeAssignClaim" name="testAssignClaim" time="53.180"/>
</testsuite> <!-- claimTests.TestOrangeAssignClaim -->
