<?xml version="1.0" encoding="UTF-8"?>
<!-- Generated by org.testng.reporters.JUnitReportReporter -->
<testsuite hostname="AUSYDCVDIXB0723" failures="0" tests="3" name="loginTests.TestOrangeUserLogin" time="21.877" errors="0" timestamp="2023-10-03T19:42:36 IST" skipped="0">
  <testcase classname="loginTests.TestOrangeUserLogin" name="testValidAdminLogin" time="6.829"/>
  <testcase classname="loginTests.TestOrangeUserLogin" name="testInvalidAdminLogin" time="10.266"/>
  <testcase classname="loginTests.TestOrangeUserLogin" name="testValidAdminLogin" time="4.782"/>
</testsuite> <!-- loginTests.TestOrangeUserLogin -->
