<?xml version="1.0" encoding="UTF-8"?>
<!-- Generated by org.testng.reporters.JUnitReportReporter -->
<testsuite hostname="INMBIML6MWC043" failures="0" tests="4" name="recruitmentPageTests.TestVacanciesCandidature" time="68.754" errors="0" timestamp="2023-10-01T13:48:28 IST" skipped="0">
  <testcase classname="recruitmentPageTests.TestVacanciesCandidature" name="testVacancySearch" time="13.928"/>
  <testcase classname="recruitmentPageTests.TestVacanciesCandidature" name="testCreateVacancy" time="20.928"/>
  <testcase classname="recruitmentPageTests.TestVacanciesCandidature" name="testsearchCandidature" time="10.795"/>
  <testcase classname="recruitmentPageTests.TestVacanciesCandidature" name="testCreateCandidate" time="23.103"/>
</testsuite> <!-- recruitmentPageTests.TestVacanciesCandidature -->
