<?xml version="1.0" encoding="UTF-8"?>
<!-- Generated by org.testng.reporters.JUnitReportReporter -->
<testsuite hostname="AUSYDCVDIXB0723" failures="0" tests="1" name="claimTests.TestOrangeDashboardClaim" time="24.384" errors="0" timestamp="2023-10-04T19:57:09 IST" skipped="0">
  <testcase classname="claimTests.TestOrangeDashboardClaim" name="testClaimDashboard" time="24.384"/>
</testsuite> <!-- claimTests.TestOrangeDashboardClaim -->
